running egg_info
creating ../../build/ev_energy_monitor/ev_energy_monitor.egg-info
writing ../../build/ev_energy_monitor/ev_energy_monitor.egg-info/PKG-INFO
writing dependency_links to ../../build/ev_energy_monitor/ev_energy_monitor.egg-info/dependency_links.txt
writing entry points to ../../build/ev_energy_monitor/ev_energy_monitor.egg-info/entry_points.txt
writing requirements to ../../build/ev_energy_monitor/ev_energy_monitor.egg-info/requires.txt
writing top-level names to ../../build/ev_energy_monitor/ev_energy_monitor.egg-info/top_level.txt
writing manifest file '../../build/ev_energy_monitor/ev_energy_monitor.egg-info/SOURCES.txt'
reading manifest file '../../build/ev_energy_monitor/ev_energy_monitor.egg-info/SOURCES.txt'
writing manifest file '../../build/ev_energy_monitor/ev_energy_monitor.egg-info/SOURCES.txt'
running build
running build_py
creating /home/kenil/ev-energy-management/ros2/ws/build/ev_energy_monitor/build
creating /home/kenil/ev-energy-management/ros2/ws/build/ev_energy_monitor/build/lib
creating /home/kenil/ev-energy-management/ros2/ws/build/ev_energy_monitor/build/lib/ev_energy_monitor
copying ev_energy_monitor/energy_publisher.py -> /home/kenil/ev-energy-management/ros2/ws/build/ev_energy_monitor/build/lib/ev_energy_monitor
copying ev_energy_monitor/__init__.py -> /home/kenil/ev-energy-management/ros2/ws/build/ev_energy_monitor/build/lib/ev_energy_monitor
running install
running install_lib
creating /home/kenil/ev-energy-management/ros2/ws/install/ev_energy_monitor/lib/python3.12/site-packages/ev_energy_monitor
copying /home/kenil/ev-energy-management/ros2/ws/build/ev_energy_monitor/build/lib/ev_energy_monitor/energy_publisher.py -> /home/kenil/ev-energy-management/ros2/ws/install/ev_energy_monitor/lib/python3.12/site-packages/ev_energy_monitor
copying /home/kenil/ev-energy-management/ros2/ws/build/ev_energy_monitor/build/lib/ev_energy_monitor/__init__.py -> /home/kenil/ev-energy-management/ros2/ws/install/ev_energy_monitor/lib/python3.12/site-packages/ev_energy_monitor
byte-compiling /home/kenil/ev-energy-management/ros2/ws/install/ev_energy_monitor/lib/python3.12/site-packages/ev_energy_monitor/energy_publisher.py to energy_publisher.cpython-312.pyc
byte-compiling /home/kenil/ev-energy-management/ros2/ws/install/ev_energy_monitor/lib/python3.12/site-packages/ev_energy_monitor/__init__.py to __init__.cpython-312.pyc
running install_data
creating /home/kenil/ev-energy-management/ros2/ws/install/ev_energy_monitor/share/ament_index
creating /home/kenil/ev-energy-management/ros2/ws/install/ev_energy_monitor/share/ament_index/resource_index
creating /home/kenil/ev-energy-management/ros2/ws/install/ev_energy_monitor/share/ament_index/resource_index/packages
copying resource/ev_energy_monitor -> /home/kenil/ev-energy-management/ros2/ws/install/ev_energy_monitor/share/ament_index/resource_index/packages
copying package.xml -> /home/kenil/ev-energy-management/ros2/ws/install/ev_energy_monitor/share/ev_energy_monitor
running install_egg_info
Copying ../../build/ev_energy_monitor/ev_energy_monitor.egg-info to /home/kenil/ev-energy-management/ros2/ws/install/ev_energy_monitor/lib/python3.12/site-packages/ev_energy_monitor-0.0.0-py3.12.egg-info
running install_scripts
Installing energy_publisher script to /home/kenil/ev-energy-management/ros2/ws/install/ev_energy_monitor/lib/ev_energy_monitor
writing list of installed files to '/home/kenil/ev-energy-management/ros2/ws/build/ev_energy_monitor/install.log'
